Vivado Simulator 2018.3
Copyright 1986-1999, 2001-2018 Xilinx, Inc. All Rights Reserved.
Running: C:/Xilinx/Vivado/2018.3/bin/unwrapped/win64.o/xelab.exe -wto 23ce6c06c3c64f9d9546ee1f96842b18 --incr --debug typical --relax --mt 2 -L xil_defaultlib -L xlslice_v1_0_1 -L unisims_ver -L unimacro_ver -L secureip -L xpm --snapshot Value_Grabber_tb_behav xil_defaultlib.Value_Grabber_tb xil_defaultlib.glbl -log elaborate.log 
Using 2 slave threads.
Starting static elaboration
Completed static elaboration
Starting simulation data flow analysis
Completed simulation data flow analysis
Time Resolution for simulation is 1ps
Compiling module xlslice_v1_0_1.xlslice_v1_0_1_xlslice(DIN_WIDTH...
Compiling module xil_defaultlib.Value_Grabber_xlslice_0_0
Compiling module xlslice_v1_0_1.xlslice_v1_0_1_xlslice(DIN_WIDTH...
Compiling module xil_defaultlib.Value_Grabber_xlslice_0_1
Compiling module xlslice_v1_0_1.xlslice_v1_0_1_xlslice(DIN_WIDTH...
Compiling module xil_defaultlib.Value_Grabber_xlslice_0_2
Compiling module xlslice_v1_0_1.xlslice_v1_0_1_xlslice(DIN_WIDTH...
Compiling module xil_defaultlib.Value_Grabber_xlslice_0_3
Compiling module xil_defaultlib.xup_dff_en_reset(DELAY=0)
Compiling module xil_defaultlib.Value_Grabber_xup_dff_en_reset_0...
Compiling module xil_defaultlib.Value_Grabber_xup_dff_en_reset_0...
Compiling module xil_defaultlib.Value_Grabber_xup_dff_en_reset_0...
Compiling module xil_defaultlib.Value_Grabber_xup_dff_en_reset_0...
Compiling module xil_defaultlib.xup_inv(DELAY=0)
Compiling module xil_defaultlib.Value_Grabber_xup_inv_0_0
Compiling module xil_defaultlib.Value_Grabber_imp_C5RE5P
Compiling module xil_defaultlib.Value_Grabber
Compiling module xil_defaultlib.Value_Grabber_wrapper
Compiling module xil_defaultlib.Value_Grabber_tb
Compiling module xil_defaultlib.glbl
Built simulation snapshot Value_Grabber_tb_behav
