Vivado Simulator 2018.3
Copyright 1986-1999, 2001-2018 Xilinx, Inc. All Rights Reserved.
Running: C:/Xilinx/Vivado/2018.3/bin/unwrapped/win64.o/xelab.exe -wto b11d4a6a366d4735a28063a04a888126 --incr --debug typical --relax --mt 2 -L xil_defaultlib -L unisims_ver -L unimacro_ver -L secureip -L xpm --snapshot debounce_tb_behav xil_defaultlib.debounce_tb xil_defaultlib.glbl -log elaborate.log 
Using 2 slave threads.
Starting static elaboration
Completed static elaboration
Starting simulation data flow analysis
Completed simulation data flow analysis
Time Resolution for simulation is 1ps
Compiling module xil_defaultlib.xup_and2(DELAY=0)
Compiling module xil_defaultlib.debounce_xup_and2_0_0
Compiling module xil_defaultlib.debounce_xup_and2_0_1
Compiling module xil_defaultlib.debounce_xup_and2_1_0
Compiling module xil_defaultlib.debounce_xup_and2_1_1
Compiling module xil_defaultlib.xup_dff(DELAY=0)
Compiling module xil_defaultlib.debounce_xup_dff_0_0
Compiling module xil_defaultlib.debounce_xup_dff_0_1
Compiling module xil_defaultlib.debounce_xup_dff_0_2
Compiling module xil_defaultlib.debounce_xup_dff_0_3
Compiling module xil_defaultlib.debounce_xup_dff_0_4
Compiling module xil_defaultlib.xup_inv
Compiling module xil_defaultlib.debounce_xup_inv_0_0
Compiling module xil_defaultlib.xup_nor5(DELAY=0)
Compiling module xil_defaultlib.debounce_xup_nor5_0_0
Compiling module xil_defaultlib.xup_or2(DELAY=0)
Compiling module xil_defaultlib.debounce_xup_or2_0_0
Compiling module xil_defaultlib.debounce_xup_or2_0_1
Compiling module xil_defaultlib.debounce
Compiling module xil_defaultlib.debounce_wrapper
Compiling module xil_defaultlib.debounce_tb
Compiling module xil_defaultlib.glbl
Built simulation snapshot debounce_tb_behav
