Vivado Simulator 2018.3
Copyright 1986-1999, 2001-2018 Xilinx, Inc. All Rights Reserved.
Running: C:/Xilinx/Vivado/2018.3/bin/unwrapped/win64.o/xelab.exe -wto f4d470b2c7db4f0492a17898d330f617 --incr --debug typical --relax --mt 2 -L xil_defaultlib -L xlconstant_v1_1_5 -L xlconcat_v2_1_1 -L xlslice_v1_0_1 -L unisims_ver -L unimacro_ver -L secureip -L xpm --snapshot Adder_wrapper_behav xil_defaultlib.Adder_wrapper xil_defaultlib.glbl -log elaborate.log 
Using 2 slave threads.
Starting static elaboration
Completed static elaboration
Starting simulation data flow analysis
Completed simulation data flow analysis
Time Resolution for simulation is 1ps
Compiling module xil_defaultlib.xup_and2
Compiling module xil_defaultlib.Adder_xup_and2_0_0
Compiling module xil_defaultlib.Adder_xup_and2_1_0
Compiling module xil_defaultlib.xup_or2
Compiling module xil_defaultlib.Adder_xup_or2_0_0
Compiling module xil_defaultlib.xup_xor2
Compiling module xil_defaultlib.Adder_xup_xor2_0_0
Compiling module xil_defaultlib.Adder_xup_xor2_1_0
Compiling module xil_defaultlib.Adder_xup_xor2_2_0
Compiling module xil_defaultlib.FullAdder_imp_1QG6O7Y
Compiling module xil_defaultlib.Adder_xup_and2_0_1
Compiling module xil_defaultlib.Adder_xup_and2_1_1
Compiling module xil_defaultlib.Adder_xup_or2_0_1
Compiling module xil_defaultlib.Adder_xup_xor2_0_1
Compiling module xil_defaultlib.Adder_xup_xor2_1_1
Compiling module xil_defaultlib.Adder_xup_xor2_2_1
Compiling module xil_defaultlib.FullAdder1_imp_144U3XE
Compiling module xlconcat_v2_1_1.xlconcat_v2_1_1_xlconcat_default
Compiling module xil_defaultlib.Adder_xlconcat_0_0
Compiling module xlconstant_v1_1_5.xlconstant_v1_1_5_xlconstant(CON...
Compiling module xil_defaultlib.Adder_xlconstant_0_0
Compiling module xlslice_v1_0_1.xlslice_v1_0_1_xlslice(DIN_WIDTH...
Compiling module xil_defaultlib.Adder_xlslice_0_0
Compiling module xlslice_v1_0_1.xlslice_v1_0_1_xlslice(DIN_WIDTH...
Compiling module xil_defaultlib.Adder_xlslice_0_1
Compiling module xil_defaultlib.Adder_xlslice_0_2
Compiling module xil_defaultlib.Adder_xlslice_0_3
Compiling module xil_defaultlib.Adder
Compiling module xil_defaultlib.Adder_wrapper
Compiling module xil_defaultlib.glbl
Built simulation snapshot Adder_wrapper_behav
