Copyright 1986-2018 Xilinx, Inc. All Rights Reserved.
--------------------------------------------------------------------------------------------------------------------------------------------------------------------------------------------------------------------------------
| Tool Version : Vivado v.2018.3 (win64) Build 2405991 Thu Dec  6 23:38:27 MST 2018
| Date         : Thu Feb 13 08:43:56 2020
| Host         : B2-Digital running 64-bit major release  (build 9200)
| Command      : report_timing_summary -max_paths 10 -file multiplexer_wrapper_timing_summary_routed.rpt -pb multiplexer_wrapper_timing_summary_routed.pb -rpx multiplexer_wrapper_timing_summary_routed.rpx -warn_on_violation
| Design       : multiplexer_wrapper
| Device       : 7a35t-cpg236
| Speed File   : -1  PRODUCTION 1.23 2018-06-13
--------------------------------------------------------------------------------------------------------------------------------------------------------------------------------------------------------------------------------

Timing Summary Report

------------------------------------------------------------------------------------------------
| Timer Settings
| --------------
------------------------------------------------------------------------------------------------

  Enable Multi Corner Analysis               :  Yes
  Enable Pessimism Removal                   :  Yes
  Pessimism Removal Resolution               :  Nearest Common Node
  Enable Input Delay Default Clock           :  No
  Enable Preset / Clear Arcs                 :  No
  Disable Flight Delays                      :  No
  Ignore I/O Paths                           :  No
  Timing Early Launch at Borrowing Latches   :  false

  Corner  Analyze    Analyze    
  Name    Max Paths  Min Paths  
  ------  ---------  ---------  
  Slow    Yes        Yes        
  Fast    Yes        Yes        



check_timing report

Table of Contents
-----------------
1. checking no_clock
2. checking constant_clock
3. checking pulse_width_clock
4. checking unconstrained_internal_endpoints
5. checking no_input_delay
6. checking no_output_delay
7. checking multiple_clock
8. checking generated_clocks
9. checking loops
10. checking partial_input_delay
11. checking partial_output_delay
12. checking latch_loops

1. checking no_clock
--------------------
 There are 4 register/latch pins with no clock driven by root clock pin: clkin (HIGH)

 There is 1 register/latch pin with no clock driven by root clock pin: multiplexer_i/clk_divide_10Hz/xup_clk_divider_0/inst/clkout_reg/Q (HIGH)

 There is 1 register/latch pin with no clock driven by root clock pin: multiplexer_i/clk_divide_10Hz/xup_clk_divider_1/inst/clkout_reg/Q (HIGH)

 There is 1 register/latch pin with no clock driven by root clock pin: multiplexer_i/clk_divide_10Hz/xup_clk_divider_10/inst/clkout_reg/Q (HIGH)

 There is 1 register/latch pin with no clock driven by root clock pin: multiplexer_i/clk_divide_10Hz/xup_clk_divider_11/inst/clkout_reg/Q (HIGH)

 There is 1 register/latch pin with no clock driven by root clock pin: multiplexer_i/clk_divide_10Hz/xup_clk_divider_12/inst/clkout_reg/Q (HIGH)

 There is 1 register/latch pin with no clock driven by root clock pin: multiplexer_i/clk_divide_10Hz/xup_clk_divider_13/inst/clkout_reg/Q (HIGH)

 There is 1 register/latch pin with no clock driven by root clock pin: multiplexer_i/clk_divide_10Hz/xup_clk_divider_14/inst/clkout_reg/Q (HIGH)

 There is 1 register/latch pin with no clock driven by root clock pin: multiplexer_i/clk_divide_10Hz/xup_clk_divider_15/inst/clkout_reg/Q (HIGH)

 There is 1 register/latch pin with no clock driven by root clock pin: multiplexer_i/clk_divide_10Hz/xup_clk_divider_16/inst/clkout_reg/Q (HIGH)

 There is 1 register/latch pin with no clock driven by root clock pin: multiplexer_i/clk_divide_10Hz/xup_clk_divider_17/inst/clkout_reg/Q (HIGH)

 There is 1 register/latch pin with no clock driven by root clock pin: multiplexer_i/clk_divide_10Hz/xup_clk_divider_18/inst/clkout_reg/Q (HIGH)

 There is 1 register/latch pin with no clock driven by root clock pin: multiplexer_i/clk_divide_10Hz/xup_clk_divider_19/inst/clkout_reg/Q (HIGH)

 There is 1 register/latch pin with no clock driven by root clock pin: multiplexer_i/clk_divide_10Hz/xup_clk_divider_2/inst/clkout_reg/Q (HIGH)

 There is 1 register/latch pin with no clock driven by root clock pin: multiplexer_i/clk_divide_10Hz/xup_clk_divider_20/inst/clkout_reg/Q (HIGH)

 There is 1 register/latch pin with no clock driven by root clock pin: multiplexer_i/clk_divide_10Hz/xup_clk_divider_21/inst/clkout_reg/Q (HIGH)

 There are 4 register/latch pins with no clock driven by root clock pin: multiplexer_i/clk_divide_10Hz/xup_clk_divider_22/inst/clkout_reg/Q (HIGH)

 There is 1 register/latch pin with no clock driven by root clock pin: multiplexer_i/clk_divide_10Hz/xup_clk_divider_3/inst/clkout_reg/Q (HIGH)

 There is 1 register/latch pin with no clock driven by root clock pin: multiplexer_i/clk_divide_10Hz/xup_clk_divider_4/inst/clkout_reg/Q (HIGH)

 There is 1 register/latch pin with no clock driven by root clock pin: multiplexer_i/clk_divide_10Hz/xup_clk_divider_5/inst/clkout_reg/Q (HIGH)

 There is 1 register/latch pin with no clock driven by root clock pin: multiplexer_i/clk_divide_10Hz/xup_clk_divider_6/inst/clkout_reg/Q (HIGH)

 There is 1 register/latch pin with no clock driven by root clock pin: multiplexer_i/clk_divide_10Hz/xup_clk_divider_7/inst/clkout_reg/Q (HIGH)

 There is 1 register/latch pin with no clock driven by root clock pin: multiplexer_i/clk_divide_10Hz/xup_clk_divider_8/inst/clkout_reg/Q (HIGH)

 There is 1 register/latch pin with no clock driven by root clock pin: multiplexer_i/clk_divide_10Hz/xup_clk_divider_9/inst/clkout_reg/Q (HIGH)

 There is 1 register/latch pin with no clock driven by root clock pin: multiplexer_i/clk_divide_1Hz/xup_clk_divider_0/inst/clkout_reg/Q (HIGH)

 There is 1 register/latch pin with no clock driven by root clock pin: multiplexer_i/clk_divide_1Hz/xup_clk_divider_1/inst/clkout_reg/Q (HIGH)

 There is 1 register/latch pin with no clock driven by root clock pin: multiplexer_i/clk_divide_1Hz/xup_clk_divider_10/inst/clkout_reg/Q (HIGH)

 There is 1 register/latch pin with no clock driven by root clock pin: multiplexer_i/clk_divide_1Hz/xup_clk_divider_11/inst/clkout_reg/Q (HIGH)

 There is 1 register/latch pin with no clock driven by root clock pin: multiplexer_i/clk_divide_1Hz/xup_clk_divider_12/inst/clkout_reg/Q (HIGH)

 There is 1 register/latch pin with no clock driven by root clock pin: multiplexer_i/clk_divide_1Hz/xup_clk_divider_13/inst/clkout_reg/Q (HIGH)

 There is 1 register/latch pin with no clock driven by root clock pin: multiplexer_i/clk_divide_1Hz/xup_clk_divider_14/inst/clkout_reg/Q (HIGH)

 There is 1 register/latch pin with no clock driven by root clock pin: multiplexer_i/clk_divide_1Hz/xup_clk_divider_15/inst/clkout_reg/Q (HIGH)

 There is 1 register/latch pin with no clock driven by root clock pin: multiplexer_i/clk_divide_1Hz/xup_clk_divider_16/inst/clkout_reg/Q (HIGH)

 There is 1 register/latch pin with no clock driven by root clock pin: multiplexer_i/clk_divide_1Hz/xup_clk_divider_17/inst/clkout_reg/Q (HIGH)

 There is 1 register/latch pin with no clock driven by root clock pin: multiplexer_i/clk_divide_1Hz/xup_clk_divider_18/inst/clkout_reg/Q (HIGH)

 There is 1 register/latch pin with no clock driven by root clock pin: multiplexer_i/clk_divide_1Hz/xup_clk_divider_19/inst/clkout_reg/Q (HIGH)

 There is 1 register/latch pin with no clock driven by root clock pin: multiplexer_i/clk_divide_1Hz/xup_clk_divider_2/inst/clkout_reg/Q (HIGH)

 There is 1 register/latch pin with no clock driven by root clock pin: multiplexer_i/clk_divide_1Hz/xup_clk_divider_20/inst/clkout_reg/Q (HIGH)

 There is 1 register/latch pin with no clock driven by root clock pin: multiplexer_i/clk_divide_1Hz/xup_clk_divider_21/inst/clkout_reg/Q (HIGH)

 There is 1 register/latch pin with no clock driven by root clock pin: multiplexer_i/clk_divide_1Hz/xup_clk_divider_22/inst/clkout_reg/Q (HIGH)

 There is 1 register/latch pin with no clock driven by root clock pin: multiplexer_i/clk_divide_1Hz/xup_clk_divider_23/inst/clkout_reg/Q (HIGH)

 There is 1 register/latch pin with no clock driven by root clock pin: multiplexer_i/clk_divide_1Hz/xup_clk_divider_24/inst/clkout_reg/Q (HIGH)

 There is 1 register/latch pin with no clock driven by root clock pin: multiplexer_i/clk_divide_1Hz/xup_clk_divider_25/inst/clkout_reg/Q (HIGH)

 There are 4 register/latch pins with no clock driven by root clock pin: multiplexer_i/clk_divide_1Hz/xup_clk_divider_26/inst/clkout_reg/Q (HIGH)

 There is 1 register/latch pin with no clock driven by root clock pin: multiplexer_i/clk_divide_1Hz/xup_clk_divider_3/inst/clkout_reg/Q (HIGH)

 There is 1 register/latch pin with no clock driven by root clock pin: multiplexer_i/clk_divide_1Hz/xup_clk_divider_4/inst/clkout_reg/Q (HIGH)

 There is 1 register/latch pin with no clock driven by root clock pin: multiplexer_i/clk_divide_1Hz/xup_clk_divider_5/inst/clkout_reg/Q (HIGH)

 There is 1 register/latch pin with no clock driven by root clock pin: multiplexer_i/clk_divide_1Hz/xup_clk_divider_6/inst/clkout_reg/Q (HIGH)

 There is 1 register/latch pin with no clock driven by root clock pin: multiplexer_i/clk_divide_1Hz/xup_clk_divider_7/inst/clkout_reg/Q (HIGH)

 There is 1 register/latch pin with no clock driven by root clock pin: multiplexer_i/clk_divide_1Hz/xup_clk_divider_8/inst/clkout_reg/Q (HIGH)

 There is 1 register/latch pin with no clock driven by root clock pin: multiplexer_i/clk_divide_1Hz/xup_clk_divider_9/inst/clkout_reg/Q (HIGH)

 There is 1 register/latch pin with no clock driven by root clock pin: multiplexer_i/clk_divide_1kHz/xup_clk_divider_0/inst/clkout_reg/Q (HIGH)

 There is 1 register/latch pin with no clock driven by root clock pin: multiplexer_i/clk_divide_1kHz/xup_clk_divider_1/inst/clkout_reg/Q (HIGH)

 There is 1 register/latch pin with no clock driven by root clock pin: multiplexer_i/clk_divide_1kHz/xup_clk_divider_10/inst/clkout_reg/Q (HIGH)

 There is 1 register/latch pin with no clock driven by root clock pin: multiplexer_i/clk_divide_1kHz/xup_clk_divider_11/inst/clkout_reg/Q (HIGH)

 There is 1 register/latch pin with no clock driven by root clock pin: multiplexer_i/clk_divide_1kHz/xup_clk_divider_12/inst/clkout_reg/Q (HIGH)

 There is 1 register/latch pin with no clock driven by root clock pin: multiplexer_i/clk_divide_1kHz/xup_clk_divider_13/inst/clkout_reg/Q (HIGH)

 There is 1 register/latch pin with no clock driven by root clock pin: multiplexer_i/clk_divide_1kHz/xup_clk_divider_14/inst/clkout_reg/Q (HIGH)

 There is 1 register/latch pin with no clock driven by root clock pin: multiplexer_i/clk_divide_1kHz/xup_clk_divider_15/inst/clkout_reg/Q (HIGH)

 There are 3 register/latch pins with no clock driven by root clock pin: multiplexer_i/clk_divide_1kHz/xup_clk_divider_16/inst/clkout_reg/Q (HIGH)

 There is 1 register/latch pin with no clock driven by root clock pin: multiplexer_i/clk_divide_1kHz/xup_clk_divider_2/inst/clkout_reg/Q (HIGH)

 There is 1 register/latch pin with no clock driven by root clock pin: multiplexer_i/clk_divide_1kHz/xup_clk_divider_3/inst/clkout_reg/Q (HIGH)

 There is 1 register/latch pin with no clock driven by root clock pin: multiplexer_i/clk_divide_1kHz/xup_clk_divider_4/inst/clkout_reg/Q (HIGH)

 There is 1 register/latch pin with no clock driven by root clock pin: multiplexer_i/clk_divide_1kHz/xup_clk_divider_5/inst/clkout_reg/Q (HIGH)

 There is 1 register/latch pin with no clock driven by root clock pin: multiplexer_i/clk_divide_1kHz/xup_clk_divider_6/inst/clkout_reg/Q (HIGH)

 There is 1 register/latch pin with no clock driven by root clock pin: multiplexer_i/clk_divide_1kHz/xup_clk_divider_7/inst/clkout_reg/Q (HIGH)

 There is 1 register/latch pin with no clock driven by root clock pin: multiplexer_i/clk_divide_1kHz/xup_clk_divider_8/inst/clkout_reg/Q (HIGH)

 There is 1 register/latch pin with no clock driven by root clock pin: multiplexer_i/clk_divide_1kHz/xup_clk_divider_9/inst/clkout_reg/Q (HIGH)

 There is 1 register/latch pin with no clock driven by root clock pin: multiplexer_i/clk_divide_3Hz/xup_clk_divider_0/inst/clkout_reg/Q (HIGH)

 There is 1 register/latch pin with no clock driven by root clock pin: multiplexer_i/clk_divide_3Hz/xup_clk_divider_1/inst/clkout_reg/Q (HIGH)

 There is 1 register/latch pin with no clock driven by root clock pin: multiplexer_i/clk_divide_3Hz/xup_clk_divider_10/inst/clkout_reg/Q (HIGH)

 There is 1 register/latch pin with no clock driven by root clock pin: multiplexer_i/clk_divide_3Hz/xup_clk_divider_11/inst/clkout_reg/Q (HIGH)

 There is 1 register/latch pin with no clock driven by root clock pin: multiplexer_i/clk_divide_3Hz/xup_clk_divider_12/inst/clkout_reg/Q (HIGH)

 There is 1 register/latch pin with no clock driven by root clock pin: multiplexer_i/clk_divide_3Hz/xup_clk_divider_13/inst/clkout_reg/Q (HIGH)

 There is 1 register/latch pin with no clock driven by root clock pin: multiplexer_i/clk_divide_3Hz/xup_clk_divider_14/inst/clkout_reg/Q (HIGH)

 There is 1 register/latch pin with no clock driven by root clock pin: multiplexer_i/clk_divide_3Hz/xup_clk_divider_15/inst/clkout_reg/Q (HIGH)

 There is 1 register/latch pin with no clock driven by root clock pin: multiplexer_i/clk_divide_3Hz/xup_clk_divider_16/inst/clkout_reg/Q (HIGH)

 There is 1 register/latch pin with no clock driven by root clock pin: multiplexer_i/clk_divide_3Hz/xup_clk_divider_17/inst/clkout_reg/Q (HIGH)

 There is 1 register/latch pin with no clock driven by root clock pin: multiplexer_i/clk_divide_3Hz/xup_clk_divider_18/inst/clkout_reg/Q (HIGH)

 There is 1 register/latch pin with no clock driven by root clock pin: multiplexer_i/clk_divide_3Hz/xup_clk_divider_19/inst/clkout_reg/Q (HIGH)

 There is 1 register/latch pin with no clock driven by root clock pin: multiplexer_i/clk_divide_3Hz/xup_clk_divider_2/inst/clkout_reg/Q (HIGH)

 There is 1 register/latch pin with no clock driven by root clock pin: multiplexer_i/clk_divide_3Hz/xup_clk_divider_20/inst/clkout_reg/Q (HIGH)

 There is 1 register/latch pin with no clock driven by root clock pin: multiplexer_i/clk_divide_3Hz/xup_clk_divider_21/inst/clkout_reg/Q (HIGH)

 There is 1 register/latch pin with no clock driven by root clock pin: multiplexer_i/clk_divide_3Hz/xup_clk_divider_22/inst/clkout_reg/Q (HIGH)

 There is 1 register/latch pin with no clock driven by root clock pin: multiplexer_i/clk_divide_3Hz/xup_clk_divider_23/inst/clkout_reg/Q (HIGH)

 There are 4 register/latch pins with no clock driven by root clock pin: multiplexer_i/clk_divide_3Hz/xup_clk_divider_24/inst/clkout_reg/Q (HIGH)

 There is 1 register/latch pin with no clock driven by root clock pin: multiplexer_i/clk_divide_3Hz/xup_clk_divider_3/inst/clkout_reg/Q (HIGH)

 There is 1 register/latch pin with no clock driven by root clock pin: multiplexer_i/clk_divide_3Hz/xup_clk_divider_4/inst/clkout_reg/Q (HIGH)

 There is 1 register/latch pin with no clock driven by root clock pin: multiplexer_i/clk_divide_3Hz/xup_clk_divider_5/inst/clkout_reg/Q (HIGH)

 There is 1 register/latch pin with no clock driven by root clock pin: multiplexer_i/clk_divide_3Hz/xup_clk_divider_6/inst/clkout_reg/Q (HIGH)

 There is 1 register/latch pin with no clock driven by root clock pin: multiplexer_i/clk_divide_3Hz/xup_clk_divider_7/inst/clkout_reg/Q (HIGH)

 There is 1 register/latch pin with no clock driven by root clock pin: multiplexer_i/clk_divide_3Hz/xup_clk_divider_8/inst/clkout_reg/Q (HIGH)

 There is 1 register/latch pin with no clock driven by root clock pin: multiplexer_i/clk_divide_3Hz/xup_clk_divider_9/inst/clkout_reg/Q (HIGH)


2. checking constant_clock
--------------------------
 There are 0 register/latch pins with constant_clock.


3. checking pulse_width_clock
-----------------------------
 There are 0 register/latch pins which need pulse_width check


4. checking unconstrained_internal_endpoints
--------------------------------------------
 There are 107 pins that are not constrained for maximum delay. (HIGH)

 There are 0 pins that are not constrained for maximum delay due to constant clock.


5. checking no_input_delay
--------------------------
 There are 0 input ports with no input delay specified.

 There are 0 input ports with no input delay but user has a false path constraint.


6. checking no_output_delay
---------------------------
 There are 7 ports with no output delay specified. (HIGH)

 There are 0 ports with no output delay but user has a false path constraint

 There are 0 ports with no output delay but with a timing clock defined on it or propagating through it


7. checking multiple_clock
--------------------------
 There are 0 register/latch pins with multiple clocks.


8. checking generated_clocks
----------------------------
 There are 0 generated clocks that are not connected to a clock source.


9. checking loops
-----------------
 There are 0 combinational loops in the design.


10. checking partial_input_delay
--------------------------------
 There are 0 input ports with partial input delay specified.


11. checking partial_output_delay
---------------------------------
 There are 0 ports with partial output delay specified.


12. checking latch_loops
------------------------
 There are 0 combinational latch loops in the design through latch input



------------------------------------------------------------------------------------------------
| Design Timing Summary
| ---------------------
------------------------------------------------------------------------------------------------

    WNS(ns)      TNS(ns)  TNS Failing Endpoints  TNS Total Endpoints      WHS(ns)      THS(ns)  THS Failing Endpoints  THS Total Endpoints     WPWS(ns)     TPWS(ns)  TPWS Failing Endpoints  TPWS Total Endpoints  
    -------      -------  ---------------------  -------------------      -------      -------  ---------------------  -------------------     --------     --------  ----------------------  --------------------  
         NA           NA                     NA                   NA           NA           NA                     NA                   NA           NA           NA                      NA                    NA  


There are no user specified timing constraints.


------------------------------------------------------------------------------------------------
| Clock Summary
| -------------
------------------------------------------------------------------------------------------------


------------------------------------------------------------------------------------------------
| Intra Clock Table
| -----------------
------------------------------------------------------------------------------------------------

Clock             WNS(ns)      TNS(ns)  TNS Failing Endpoints  TNS Total Endpoints      WHS(ns)      THS(ns)  THS Failing Endpoints  THS Total Endpoints     WPWS(ns)     TPWS(ns)  TPWS Failing Endpoints  TPWS Total Endpoints  
-----             -------      -------  ---------------------  -------------------      -------      -------  ---------------------  -------------------     --------     --------  ----------------------  --------------------  


------------------------------------------------------------------------------------------------
| Inter Clock Table
| -----------------
------------------------------------------------------------------------------------------------

From Clock    To Clock          WNS(ns)      TNS(ns)  TNS Failing Endpoints  TNS Total Endpoints      WHS(ns)      THS(ns)  THS Failing Endpoints  THS Total Endpoints  
----------    --------          -------      -------  ---------------------  -------------------      -------      -------  ---------------------  -------------------  


------------------------------------------------------------------------------------------------
| Other Path Groups Table
| -----------------------
------------------------------------------------------------------------------------------------

Path Group    From Clock    To Clock          WNS(ns)      TNS(ns)  TNS Failing Endpoints  TNS Total Endpoints      WHS(ns)      THS(ns)  THS Failing Endpoints  THS Total Endpoints  
----------    ----------    --------          -------      -------  ---------------------  -------------------      -------      -------  ---------------------  -------------------  


------------------------------------------------------------------------------------------------
| Timing Details
| --------------
------------------------------------------------------------------------------------------------


