Copyright 1986-2018 Xilinx, Inc. All Rights Reserved.
---------------------------------------------------------------------------------------------------------------------------------
| Tool Version : Vivado v.2018.3 (win64) Build 2405991 Thu Dec  6 23:38:27 MST 2018
| Date         : Thu Feb 13 08:36:22 2020
| Host         : B2-Digital running 64-bit major release  (build 9200)
| Command      : report_utilization -file multiplexer_wrapper_utilization_synth.rpt -pb multiplexer_wrapper_utilization_synth.pb
| Design       : multiplexer_wrapper
| Device       : 7a35tcpg236-1
| Design State : Synthesized
---------------------------------------------------------------------------------------------------------------------------------

Utilization Design Information

Table of Contents
-----------------
1. Slice Logic
1.1 Summary of Registers by Type
2. Memory
3. DSP
4. IO and GT Specific
5. Clocking
6. Specific Feature
7. Primitives
8. Black Boxes
9. Instantiated Netlists

1. Slice Logic
--------------

+-------------------------+------+-------+-----------+-------+
|        Site Type        | Used | Fixed | Available | Util% |
+-------------------------+------+-------+-----------+-------+
| Slice LUTs*             |    0 |     0 |     20800 |  0.00 |
|   LUT as Logic          |    0 |     0 |     20800 |  0.00 |
|   LUT as Memory         |    0 |     0 |      9600 |  0.00 |
| Slice Registers         |    0 |     0 |     41600 |  0.00 |
|   Register as Flip Flop |    0 |     0 |     41600 |  0.00 |
|   Register as Latch     |    0 |     0 |     41600 |  0.00 |
| F7 Muxes                |    0 |     0 |     16300 |  0.00 |
| F8 Muxes                |    0 |     0 |      8150 |  0.00 |
+-------------------------+------+-------+-----------+-------+
* Warning! The Final LUT count, after physical optimizations and full implementation, is typically lower. Run opt_design after synthesis, if not already completed, for a more realistic count.


1.1 Summary of Registers by Type
--------------------------------

+-------+--------------+-------------+--------------+
| Total | Clock Enable | Synchronous | Asynchronous |
+-------+--------------+-------------+--------------+
| 0     |            _ |           - |            - |
| 0     |            _ |           - |          Set |
| 0     |            _ |           - |        Reset |
| 0     |            _ |         Set |            - |
| 0     |            _ |       Reset |            - |
| 0     |          Yes |           - |            - |
| 0     |          Yes |           - |          Set |
| 0     |          Yes |           - |        Reset |
| 0     |          Yes |         Set |            - |
| 0     |          Yes |       Reset |            - |
+-------+--------------+-------------+--------------+


2. Memory
---------

+----------------+------+-------+-----------+-------+
|    Site Type   | Used | Fixed | Available | Util% |
+----------------+------+-------+-----------+-------+
| Block RAM Tile |    0 |     0 |        50 |  0.00 |
|   RAMB36/FIFO* |    0 |     0 |        50 |  0.00 |
|   RAMB18       |    0 |     0 |       100 |  0.00 |
+----------------+------+-------+-----------+-------+
* Note: Each Block RAM Tile only has one FIFO logic available and therefore can accommodate only one FIFO36E1 or one FIFO18E1. However, if a FIFO18E1 occupies a Block RAM Tile, that tile can still accommodate a RAMB18E1


3. DSP
------

+-----------+------+-------+-----------+-------+
| Site Type | Used | Fixed | Available | Util% |
+-----------+------+-------+-----------+-------+
| DSPs      |    0 |     0 |        90 |  0.00 |
+-----------+------+-------+-----------+-------+


4. IO and GT Specific
---------------------

+-----------------------------+------+-------+-----------+-------+
|          Site Type          | Used | Fixed | Available | Util% |
+-----------------------------+------+-------+-----------+-------+
| Bonded IOB                  |   12 |     0 |       106 | 11.32 |
| Bonded IPADs                |    0 |     0 |        10 |  0.00 |
| Bonded OPADs                |    0 |     0 |         4 |  0.00 |
| PHY_CONTROL                 |    0 |     0 |         5 |  0.00 |
| PHASER_REF                  |    0 |     0 |         5 |  0.00 |
| OUT_FIFO                    |    0 |     0 |        20 |  0.00 |
| IN_FIFO                     |    0 |     0 |        20 |  0.00 |
| IDELAYCTRL                  |    0 |     0 |         5 |  0.00 |
| IBUFDS                      |    0 |     0 |       104 |  0.00 |
| GTPE2_CHANNEL               |    0 |     0 |         2 |  0.00 |
| PHASER_OUT/PHASER_OUT_PHY   |    0 |     0 |        20 |  0.00 |
| PHASER_IN/PHASER_IN_PHY     |    0 |     0 |        20 |  0.00 |
| IDELAYE2/IDELAYE2_FINEDELAY |    0 |     0 |       250 |  0.00 |
| IBUFDS_GTE2                 |    0 |     0 |         2 |  0.00 |
| ILOGIC                      |    0 |     0 |       106 |  0.00 |
| OLOGIC                      |    0 |     0 |       106 |  0.00 |
+-----------------------------+------+-------+-----------+-------+


5. Clocking
-----------

+------------+------+-------+-----------+-------+
|  Site Type | Used | Fixed | Available | Util% |
+------------+------+-------+-----------+-------+
| BUFGCTRL   |    0 |     0 |        32 |  0.00 |
| BUFIO      |    0 |     0 |        20 |  0.00 |
| MMCME2_ADV |    0 |     0 |         5 |  0.00 |
| PLLE2_ADV  |    0 |     0 |         5 |  0.00 |
| BUFMRCE    |    0 |     0 |        10 |  0.00 |
| BUFHCE     |    0 |     0 |        72 |  0.00 |
| BUFR       |    0 |     0 |        20 |  0.00 |
+------------+------+-------+-----------+-------+


6. Specific Feature
-------------------

+-------------+------+-------+-----------+-------+
|  Site Type  | Used | Fixed | Available | Util% |
+-------------+------+-------+-----------+-------+
| BSCANE2     |    0 |     0 |         4 |  0.00 |
| CAPTUREE2   |    0 |     0 |         1 |  0.00 |
| DNA_PORT    |    0 |     0 |         1 |  0.00 |
| EFUSE_USR   |    0 |     0 |         1 |  0.00 |
| FRAME_ECCE2 |    0 |     0 |         1 |  0.00 |
| ICAPE2      |    0 |     0 |         2 |  0.00 |
| PCIE_2_1    |    0 |     0 |         1 |  0.00 |
| STARTUPE2   |    0 |     0 |         1 |  0.00 |
| XADC        |    0 |     0 |         1 |  0.00 |
+-------------+------+-------+-----------+-------+


7. Primitives
-------------

+----------+------+---------------------+
| Ref Name | Used | Functional Category |
+----------+------+---------------------+
| OBUF     |   11 |                  IO |
| IBUF     |    1 |                  IO |
+----------+------+---------------------+


8. Black Boxes
--------------

+---------------------------------------+------+
|                Ref Name               | Used |
+---------------------------------------+------+
| multiplexer_xup_xor2_0_1              |    1 |
| multiplexer_xup_xor2_0_0              |    1 |
| multiplexer_xup_or2_1_0               |    1 |
| multiplexer_xup_or2_0_4               |    1 |
| multiplexer_xup_or2_0_3               |    1 |
| multiplexer_xup_or2_0_2               |    1 |
| multiplexer_xup_or2_0_1               |    1 |
| multiplexer_xup_or2_0_0               |    1 |
| multiplexer_xup_inv_4_0               |    1 |
| multiplexer_xup_inv_3_1               |    1 |
| multiplexer_xup_inv_3_0               |    1 |
| multiplexer_xup_inv_2_3               |    1 |
| multiplexer_xup_inv_2_2               |    1 |
| multiplexer_xup_inv_2_1               |    1 |
| multiplexer_xup_inv_2_0               |    1 |
| multiplexer_xup_inv_1_3               |    1 |
| multiplexer_xup_inv_1_2               |    1 |
| multiplexer_xup_inv_1_1               |    1 |
| multiplexer_xup_inv_1_0               |    1 |
| multiplexer_xup_inv_0_5               |    1 |
| multiplexer_xup_inv_0_4               |    1 |
| multiplexer_xup_inv_0_3               |    1 |
| multiplexer_xup_inv_0_2               |    1 |
| multiplexer_xup_inv_0_1               |    1 |
| multiplexer_xup_inv_0_0               |    1 |
| multiplexer_xup_clk_divider_9_3       |    1 |
| multiplexer_xup_clk_divider_9_2       |    1 |
| multiplexer_xup_clk_divider_9_1       |    1 |
| multiplexer_xup_clk_divider_9_0       |    1 |
| multiplexer_xup_clk_divider_8_3       |    1 |
| multiplexer_xup_clk_divider_8_2       |    1 |
| multiplexer_xup_clk_divider_8_1       |    1 |
| multiplexer_xup_clk_divider_8_0       |    1 |
| multiplexer_xup_clk_divider_7_3       |    1 |
| multiplexer_xup_clk_divider_7_2       |    1 |
| multiplexer_xup_clk_divider_7_1       |    1 |
| multiplexer_xup_clk_divider_7_0       |    1 |
| multiplexer_xup_clk_divider_6_3       |    1 |
| multiplexer_xup_clk_divider_6_2       |    1 |
| multiplexer_xup_clk_divider_6_1       |    1 |
| multiplexer_xup_clk_divider_6_0       |    1 |
| multiplexer_xup_clk_divider_5_3       |    1 |
| multiplexer_xup_clk_divider_5_2       |    1 |
| multiplexer_xup_clk_divider_5_1       |    1 |
| multiplexer_xup_clk_divider_5_0       |    1 |
| multiplexer_xup_clk_divider_4_3       |    1 |
| multiplexer_xup_clk_divider_4_2       |    1 |
| multiplexer_xup_clk_divider_4_1       |    1 |
| multiplexer_xup_clk_divider_4_0       |    1 |
| multiplexer_xup_clk_divider_3_3       |    1 |
| multiplexer_xup_clk_divider_3_2       |    1 |
| multiplexer_xup_clk_divider_3_1       |    1 |
| multiplexer_xup_clk_divider_3_0       |    1 |
| multiplexer_xup_clk_divider_2_3       |    1 |
| multiplexer_xup_clk_divider_2_2       |    1 |
| multiplexer_xup_clk_divider_2_1       |    1 |
| multiplexer_xup_clk_divider_2_0       |    1 |
| multiplexer_xup_clk_divider_26_0      |    1 |
| multiplexer_xup_clk_divider_25_0      |    1 |
| multiplexer_xup_clk_divider_24_2      |    1 |
| multiplexer_xup_clk_divider_24_0      |    1 |
| multiplexer_xup_clk_divider_23_2      |    1 |
| multiplexer_xup_clk_divider_23_0      |    1 |
| multiplexer_xup_clk_divider_22_3      |    1 |
| multiplexer_xup_clk_divider_22_2      |    1 |
| multiplexer_xup_clk_divider_22_0      |    1 |
| multiplexer_xup_clk_divider_21_3      |    1 |
| multiplexer_xup_clk_divider_21_2      |    1 |
| multiplexer_xup_clk_divider_21_0      |    1 |
| multiplexer_xup_clk_divider_20_3      |    1 |
| multiplexer_xup_clk_divider_20_2      |    1 |
| multiplexer_xup_clk_divider_20_0      |    1 |
| multiplexer_xup_clk_divider_1_3       |    1 |
| multiplexer_xup_clk_divider_1_2       |    1 |
| multiplexer_xup_clk_divider_1_1       |    1 |
| multiplexer_xup_clk_divider_1_0       |    1 |
| multiplexer_xup_clk_divider_19_3      |    1 |
| multiplexer_xup_clk_divider_19_2      |    1 |
| multiplexer_xup_clk_divider_19_0      |    1 |
| multiplexer_xup_clk_divider_18_3      |    1 |
| multiplexer_xup_clk_divider_18_2      |    1 |
| multiplexer_xup_clk_divider_18_0      |    1 |
| multiplexer_xup_clk_divider_17_3      |    1 |
| multiplexer_xup_clk_divider_17_2      |    1 |
| multiplexer_xup_clk_divider_17_0      |    1 |
| multiplexer_xup_clk_divider_16_3      |    1 |
| multiplexer_xup_clk_divider_16_2      |    1 |
| multiplexer_xup_clk_divider_16_1      |    1 |
| multiplexer_xup_clk_divider_16_0      |    1 |
| multiplexer_xup_clk_divider_15_3      |    1 |
| multiplexer_xup_clk_divider_15_2      |    1 |
| multiplexer_xup_clk_divider_15_1      |    1 |
| multiplexer_xup_clk_divider_15_0      |    1 |
| multiplexer_xup_clk_divider_14_3      |    1 |
| multiplexer_xup_clk_divider_14_2      |    1 |
| multiplexer_xup_clk_divider_14_1      |    1 |
| multiplexer_xup_clk_divider_14_0      |    1 |
| multiplexer_xup_clk_divider_13_3      |    1 |
| multiplexer_xup_clk_divider_13_2      |    1 |
| multiplexer_xup_clk_divider_13_1      |    1 |
| multiplexer_xup_clk_divider_13_0      |    1 |
| multiplexer_xup_clk_divider_12_3      |    1 |
| multiplexer_xup_clk_divider_12_2      |    1 |
| multiplexer_xup_clk_divider_12_1      |    1 |
| multiplexer_xup_clk_divider_12_0      |    1 |
| multiplexer_xup_clk_divider_11_3      |    1 |
| multiplexer_xup_clk_divider_11_2      |    1 |
| multiplexer_xup_clk_divider_11_1      |    1 |
| multiplexer_xup_clk_divider_11_0      |    1 |
| multiplexer_xup_clk_divider_10_3      |    1 |
| multiplexer_xup_clk_divider_10_2      |    1 |
| multiplexer_xup_clk_divider_10_1      |    1 |
| multiplexer_xup_clk_divider_10_0      |    1 |
| multiplexer_xup_clk_divider_0_3       |    1 |
| multiplexer_xup_clk_divider_0_2       |    1 |
| multiplexer_xup_clk_divider_0_1       |    1 |
| multiplexer_xup_clk_divider_0_0       |    1 |
| multiplexer_xup_and4_0_1              |    1 |
| multiplexer_xup_and4_0_0              |    1 |
| multiplexer_xup_and3_1_0              |    1 |
| multiplexer_xup_and3_0_2              |    1 |
| multiplexer_xup_and3_0_1              |    1 |
| multiplexer_xup_and3_0_0              |    1 |
| multiplexer_xup_and2_2_0              |    1 |
| multiplexer_xup_and2_1_0              |    1 |
| multiplexer_xup_and2_0_3              |    1 |
| multiplexer_xup_and2_0_2              |    1 |
| multiplexer_xup_and2_0_1              |    1 |
| multiplexer_xup_and2_0_0              |    1 |
| multiplexer_xup_4_to_1_mux_vector_0_8 |    1 |
| multiplexer_xup_4_to_1_mux_vector_0_3 |    1 |
| multiplexer_xup_4_to_1_mux_vector_0_2 |    1 |
| multiplexer_xup_4_to_1_mux_vector_0_1 |    1 |
| multiplexer_xup_4_to_1_mux_vector_0_0 |    1 |
| multiplexer_c_counter_binary_1_1      |    1 |
| multiplexer_c_counter_binary_1_0      |    1 |
| multiplexer_c_counter_binary_0_1      |    1 |
| multiplexer_c_counter_binary_0_0      |    1 |
+---------------------------------------+------+


9. Instantiated Netlists
------------------------

+----------+------+
| Ref Name | Used |
+----------+------+


